
> sop-system-backend@1.0.0 build
> tsc

src/controllers/auth.controller.ts(95,18): error TS6133: 'req' is declared but its value is never read.
src/middleware/errorHandler.middleware.ts(13,5): error TS6133: 'next' is declared but its value is never read.
src/routes/auth.routes.ts(27,68): error TS2345: Argument of type 'Request<ParamsDictionary, any, any, ParsedQs, Record<string, any>>' is not assignable to parameter of type 'AuthRequest'.
  Types of property 'user' are incompatible.
    Type 'User | undefined' is not assignable to type '{ id: string; email: string; role: UserRole; name: string; } | undefined'.
      Type 'User' is missing the following properties from type '{ id: string; email: string; role: UserRole; name: string; }': id, email, role, name
src/routes/auth.routes.ts(34,74): error TS2345: Argument of type 'Request<ParamsDictionary, any, any, ParsedQs, Record<string, any>>' is not assignable to parameter of type 'AuthRequest'.
  Types of property 'user' are incompatible.
    Type 'User | undefined' is not assignable to type '{ id: string; email: string; role: UserRole; name: string; } | undefined'.
      Type 'User' is missing the following properties from type '{ id: string; email: string; role: UserRole; name: string; }': id, email, role, name
src/routes/demo.routes.ts(14,31): error TS2769: No overload matches this call.
  The last overload gave the following error.
    Argument of type '(req: AuthRequest, res: Response, next: NextFunction) => void' is not assignable to parameter of type 'RequestHandlerParams<ParamsDictionary, any, any, ParsedQs, Record<string, any>>'.
      Type '(req: AuthRequest, res: Response, next: NextFunction) => void' is not assignable to type 'RequestHandler<ParamsDictionary, any, any, ParsedQs, Record<string, any>>'.
        Types of parameters 'req' and 'req' are incompatible.
          Type 'Request<ParamsDictionary, any, any, ParsedQs, Record<string, any>>' is not assignable to type 'AuthRequest'.
            Types of property 'user' are incompatible.
              Type 'User | undefined' is not assignable to type '{ id: string; email: string; role: UserRole; name: string; } | undefined'.
                Type 'User' is missing the following properties from type '{ id: string; email: string; role: UserRole; name: string; }': id, email, role, name
src/services/email/email.service.ts(3,10): error TS2614: Module '"../../utils/logger"' has no exported member 'logger'. Did you mean to use 'import logger from "../../utils/logger"' instead?
src/services/sop/sop.service.ts(2,21): error TS6133: 'GeneratedSOP' is declared but its value is never read.
